<?xml version="1.0" encoding="UTF-8"?>
<testng-results total="1" passed="1" failed="0" skipped="0">
  <reporter-output>
  </reporter-output>
  <suite started-at="2025-06-01T18:29:20Z" name="Default suite" finished-at="2025-06-01T18:29:23Z" duration-ms="2667">
    <groups>
    </groups>
    <test started-at="2025-06-01T18:29:20Z" name="Default test" finished-at="2025-06-01T18:29:23Z" duration-ms="2667">
      <class name="testSuite.fancodeuser">
        <test-method signature="users()[pri:0, instance:testSuite.fancodeuser@49b2a47d]" started-at="2025-06-01T23:59:20Z" name="users" finished-at="2025-06-01T23:59:23Z" duration-ms="2645" status="PASS">
          <reporter-output>
          </reporter-output>
        </test-method> <!-- users -->
      </class> <!-- testSuite.fancodeuser -->
    </test> <!-- Default test -->
  </suite> <!-- Default suite -->
</testng-results>
